
[2026-07-06 04:47:42] ==================================================
[2026-07-06 04:47:42] IPTV 播放列表自动更新（远程源抓取 + 本地保存）
[2026-07-06 04:47:42] ==================================================
[2026-07-06 04:47:42] 抓取远程源 (第1次)...
[2026-07-06 04:47:42] ✅ 远程源获取成功，共 1738 个源
[2026-07-06 04:47:42] 开始测速 1738 个源...
[2026-07-06 04:47:46] 测速进度: 10/1738 (有效: 1)
[2026-07-06 04:47:47] 测速进度: 20/1738 (有效: 1)
[2026-07-06 04:47:51] 测速进度: 30/1738 (有效: 4)
[2026-07-06 04:47:52] 测速进度: 40/1738 (有效: 8)
[2026-07-06 04:47:53] 测速进度: 50/1738 (有效: 13)
[2026-07-06 04:48:01] 测速进度: 70/1738 (有效: 18)
[2026-07-06 04:48:04] 测速进度: 80/1738 (有效: 21)
[2026-07-06 04:48:05] 测速进度: 90/1738 (有效: 22)
[2026-07-06 04:48:06] 测速进度: 100/1738 (有效: 27)
[2026-07-06 04:48:09] 测速进度: 110/1738 (有效: 32)
[2026-07-06 04:48:13] 测速进度: 130/1738 (有效: 36)
[2026-07-06 04:48:14] 测速进度: 140/1738 (有效: 36)
[2026-07-06 04:48:15] 测速进度: 150/1738 (有效: 36)
[2026-07-06 04:48:16] 测速进度: 160/1738 (有效: 37)
[2026-07-06 04:48:18] 测速进度: 170/1738 (有效: 39)
[2026-07-06 04:48:23] 测速进度: 180/1738 (有效: 47)
[2026-07-06 04:48:25] 测速进度: 190/1738 (有效: 47)
[2026-07-06 04:48:26] 测速进度: 200/1738 (有效: 47)
[2026-07-06 04:48:29] 测速进度: 210/1738 (有效: 51)
[2026-07-06 04:48:31] 测速进度: 220/1738 (有效: 53)
[2026-07-06 04:48:33] 测速进度: 230/1738 (有效: 59)
[2026-07-06 04:48:40] 测速进度: 250/1738 (有效: 67)
[2026-07-06 04:48:41] 测速进度: 260/1738 (有效: 67)
[2026-07-06 04:48:45] 测速进度: 270/1738 (有效: 68)
[2026-07-06 04:48:49] 测速进度: 280/1738 (有效: 73)
[2026-07-06 04:48:50] 测速进度: 290/1738 (有效: 78)
[2026-07-06 04:48:56] 测速进度: 310/1738 (有效: 85)
[2026-07-06 04:48:57] 测速进度: 320/1738 (有效: 85)
[2026-07-06 04:48:58] 测速进度: 330/1738 (有效: 85)
[2026-07-06 04:48:59] 测速进度: 340/1738 (有效: 85)
[2026-07-06 04:49:00] 测速进度: 350/1738 (有效: 86)
[2026-07-06 04:49:10] 测速进度: 370/1738 (有效: 92)
[2026-07-06 04:49:11] 测速进度: 380/1738 (有效: 92)
[2026-07-06 04:49:12] 测速进度: 390/1738 (有效: 92)
[2026-07-06 04:49:13] 测速进度: 400/1738 (有效: 92)
[2026-07-06 04:49:16] 测速进度: 410/1738 (有效: 92)
[2026-07-06 04:49:25] 测速进度: 430/1738 (有效: 99)
[2026-07-06 04:49:26] 测速进度: 440/1738 (有效: 100)
[2026-07-06 04:49:28] 测速进度: 450/1738 (有效: 100)
[2026-07-06 04:49:30] 测速进度: 460/1738 (有效: 100)
[2026-07-06 04:49:31] 测速进度: 470/1738 (有效: 100)
[2026-07-06 04:49:35] 测速进度: 480/1738 (有效: 105)
[2026-07-06 04:49:36] 测速进度: 490/1738 (有效: 105)
[2026-07-06 04:49:37] 测速进度: 500/1738 (有效: 105)
[2026-07-06 04:49:38] 测速进度: 510/1738 (有效: 105)
[2026-07-06 04:49:40] 测速进度: 520/1738 (有效: 105)
[2026-07-06 04:49:42] 测速进度: 530/1738 (有效: 105)
[2026-07-06 04:49:49] 测速进度: 540/1738 (有效: 111)
[2026-07-06 04:49:51] 测速进度: 550/1738 (有效: 111)
[2026-07-06 04:49:54] 测速进度: 560/1738 (有效: 111)
[2026-07-06 04:49:55] 测速进度: 570/1738 (有效: 111)
[2026-07-06 04:49:56] 测速进度: 580/1738 (有效: 111)
[2026-07-06 04:50:00] 测速进度: 590/1738 (有效: 112)
[2026-07-06 04:50:05] 测速进度: 610/1738 (有效: 113)
[2026-07-06 04:50:05] 测速进度: 620/1738 (有效: 113)
[2026-07-06 04:50:05] 测速进度: 630/1738 (有效: 113)
[2026-07-06 04:50:05] 测速进度: 640/1738 (有效: 113)
[2026-07-06 04:50:05] 测速进度: 650/1738 (有效: 113)
[2026-07-06 04:50:10] 测速进度: 660/1738 (有效: 114)
[2026-07-06 04:50:10] 测速进度: 670/1738 (有效: 114)
[2026-07-06 04:50:10] 测速进度: 680/1738 (有效: 114)
[2026-07-06 04:50:10] 测速进度: 690/1738 (有效: 114)
[2026-07-06 04:50:10] 测速进度: 700/1738 (有效: 114)
[2026-07-06 04:50:10] 测速进度: 710/1738 (有效: 114)
[2026-07-06 04:50:10] 测速进度: 720/1738 (有效: 114)
[2026-07-06 04:50:10] 测速进度: 730/1738 (有效: 114)
[2026-07-06 04:50:10] 测速进度: 740/1738 (有效: 114)
[2026-07-06 04:50:10] 测速进度: 750/1738 (有效: 114)
[2026-07-06 04:50:10] 测速进度: 760/1738 (有效: 114)
[2026-07-06 04:50:10] 测速进度: 770/1738 (有效: 114)
[2026-07-06 04:50:10] 测速进度: 780/1738 (有效: 114)
[2026-07-06 04:50:10] 测速进度: 790/1738 (有效: 114)
[2026-07-06 04:50:10] 测速进度: 800/1738 (有效: 114)
[2026-07-06 04:50:10] 测速进度: 810/1738 (有效: 114)
[2026-07-06 04:50:10] 测速进度: 820/1738 (有效: 114)
[2026-07-06 04:50:10] 测速进度: 830/1738 (有效: 114)
[2026-07-06 04:50:10] 测速进度: 840/1738 (有效: 114)
[2026-07-06 04:50:10] 测速进度: 850/1738 (有效: 114)
[2026-07-06 04:50:10] 测速进度: 860/1738 (有效: 114)
[2026-07-06 04:50:10] 测速进度: 870/1738 (有效: 114)
[2026-07-06 04:50:10] 测速进度: 880/1738 (有效: 114)
[2026-07-06 04:50:12] 测速进度: 890/1738 (有效: 114)
[2026-07-06 04:50:12] 测速进度: 900/1738 (有效: 114)
[2026-07-06 04:50:14] 测速进度: 910/1738 (有效: 114)
[2026-07-06 04:50:14] 测速进度: 920/1738 (有效: 114)
[2026-07-06 04:50:16] 测速进度: 930/1738 (有效: 114)
[2026-07-06 04:50:16] 测速进度: 940/1738 (有效: 114)
[2026-07-06 04:50:16] 测速进度: 950/1738 (有效: 114)
[2026-07-06 04:50:18] 测速进度: 960/1738 (有效: 114)
[2026-07-06 04:50:20] 测速进度: 970/1738 (有效: 114)
[2026-07-06 04:50:20] 测速进度: 980/1738 (有效: 114)
[2026-07-06 04:50:20] 测速进度: 990/1738 (有效: 114)
[2026-07-06 04:50:22] 测速进度: 1000/1738 (有效: 114)
[2026-07-06 04:50:22] 测速进度: 1010/1738 (有效: 114)
[2026-07-06 04:50:24] 测速进度: 1020/1738 (有效: 114)
[2026-07-06 04:50:26] 测速进度: 1030/1738 (有效: 114)
[2026-07-06 04:50:26] 测速进度: 1040/1738 (有效: 114)
[2026-07-06 04:50:26] 测速进度: 1050/1738 (有效: 114)
[2026-07-06 04:50:28] 测速进度: 1060/1738 (有效: 114)
[2026-07-06 04:50:28] 测速进度: 1070/1738 (有效: 114)
[2026-07-06 04:50:30] 测速进度: 1080/1738 (有效: 114)
[2026-07-06 04:50:32] 测速进度: 1090/1738 (有效: 114)
[2026-07-06 04:50:32] 测速进度: 1100/1738 (有效: 114)
[2026-07-06 04:50:32] 测速进度: 1110/1738 (有效: 114)
[2026-07-06 04:50:34] 测速进度: 1120/1738 (有效: 114)
[2026-07-06 04:50:34] 测速进度: 1130/1738 (有效: 114)
[2026-07-06 04:50:43] 测速进度: 1140/1738 (有效: 116)
[2026-07-06 04:50:45] 测速进度: 1150/1738 (有效: 116)
[2026-07-06 04:50:46] 测速进度: 1160/1738 (有效: 116)
[2026-07-06 04:50:47] 测速进度: 1170/1738 (有效: 117)
[2026-07-06 04:50:49] 测速进度: 1180/1738 (有效: 117)
[2026-07-06 04:50:53] 测速进度: 1190/1738 (有效: 120)
[2026-07-06 04:51:00] 测速进度: 1210/1738 (有效: 128)
[2026-07-06 04:51:00] 测速进度: 1220/1738 (有效: 128)
[2026-07-06 04:51:02] 测速进度: 1230/1738 (有效: 129)
[2026-07-06 04:51:04] 测速进度: 1240/1738 (有效: 129)
[2026-07-06 04:51:05] 测速进度: 1250/1738 (有效: 130)
[2026-07-06 04:51:09] 测速进度: 1260/1738 (有效: 135)
[2026-07-06 04:51:10] 测速进度: 1270/1738 (有效: 135)
[2026-07-06 04:51:11] 测速进度: 1280/1738 (有效: 135)
[2026-07-06 04:51:14] 测速进度: 1290/1738 (有效: 135)
[2026-07-06 04:51:15] 测速进度: 1300/1738 (有效: 135)
[2026-07-06 04:51:16] 测速进度: 1310/1738 (有效: 136)
[2026-07-06 04:51:26] 测速进度: 1330/1738 (有效: 141)
[2026-07-06 04:51:26] 测速进度: 1340/1738 (有效: 141)
[2026-07-06 04:51:28] 测速进度: 1350/1738 (有效: 141)
[2026-07-06 04:51:28] 测速进度: 1360/1738 (有效: 141)
[2026-07-06 04:51:30] 测速进度: 1370/1738 (有效: 141)
[2026-07-06 04:51:38] 测速进度: 1380/1738 (有效: 145)
[2026-07-06 04:51:40] 测速进度: 1390/1738 (有效: 145)
[2026-07-06 04:51:40] 测速进度: 1400/1738 (有效: 145)
[2026-07-06 04:51:42] 测速进度: 1410/1738 (有效: 145)
[2026-07-06 04:51:42] 测速进度: 1420/1738 (有效: 145)
[2026-07-06 04:51:51] 测速进度: 1430/1738 (有效: 153)
[2026-07-06 04:52:02] 测速进度: 1450/1738 (有效: 163)
[2026-07-06 04:52:08] 测速进度: 1460/1738 (有效: 171)
[2026-07-06 04:52:17] 测速进度: 1510/1738 (有效: 179)
[2026-07-06 04:52:23] 测速进度: 1520/1738 (有效: 189)
[2026-07-06 04:52:32] 测速进度: 1570/1738 (有效: 198)
[2026-07-06 04:52:48] 测速进度: 1630/1738 (有效: 215)
[2026-07-06 04:53:03] 测速进度: 1690/1738 (有效: 227)
[2026-07-06 04:53:09] 测速完成: 231/1738 个有效源
[2026-07-06 04:53:09] 选中 Top 5 源:
[2026-07-06 04:53:09]   源1: 42.227.88.125:9003 (jsmpeg) 1.48MB/s
[2026-07-06 04:53:09]   源2: 112.27.5.218:9901 (txiptv) 1.48MB/s
[2026-07-06 04:53:09]   源3: 139.227.21.22:9901 (txiptv) 1.46MB/s
[2026-07-06 04:53:09]   源4: 39.150.98.32:37799 (txiptv) 1.37MB/s
[2026-07-06 04:53:09]   源5: 61.138.99.166:10080 (zhgxtv) 1.22MB/s
[2026-07-06 04:53:09] 抓取频道: 源1 42.227.88.125:9003 (jsmpeg)...
[2026-07-06 04:53:18] 抓取频道: 源2 112.27.5.218:9901 (txiptv)...
[2026-07-06 04:53:27] 抓取频道: 源3 139.227.21.22:9901 (txiptv)...
[2026-07-06 04:53:35] 抓取频道: 源4 39.150.98.32:37799 (txiptv)...
[2026-07-06 04:53:40] 抓取频道: 源5 61.138.99.166:10080 (zhgxtv)...
[2026-07-06 04:53:48] 远程源共抓取到 317 条频道记录
[2026-07-06 04:53:48] 📊 数据来源: 远程源
[2026-07-06 04:53:48]    M3U8: 76960 字节, TXT: 23579 字节
[2026-07-06 04:53:48] ✅ M3U8 已保存到 output.m3u8 (76960 字节)
[2026-07-06 04:53:48] ✅ TXT 已保存到 output.txt (23579 字节)
[2026-07-06 04:53:48] 🎉 更新完成!
[2026-07-06 10:40:10] ==================================================
[2026-07-06 10:40:10] IPTV 播放列表自动更新（远程源抓取 + 本地保存）
[2026-07-06 10:40:10] ==================================================
[2026-07-06 10:40:10] 抓取远程源 (第1次)...
[2026-07-06 10:40:10] ✅ 远程源获取成功，共 1738 个源
[2026-07-06 10:40:10] 开始测速 1738 个源...
[2026-07-06 10:40:13] 测速进度: 10/1738 (有效: 1)
[2026-07-06 10:40:15] 测速进度: 20/1738 (有效: 1)
[2026-07-06 10:40:17] 测速进度: 30/1738 (有效: 2)
[2026-07-06 10:40:19] 测速进度: 40/1738 (有效: 7)
[2026-07-06 10:40:20] 测速进度: 50/1738 (有效: 13)
[2026-07-06 10:40:28] 测速进度: 70/1738 (有效: 18)
[2026-07-06 10:40:32] 测速进度: 80/1738 (有效: 21)
[2026-07-06 10:40:33] 测速进度: 90/1738 (有效: 22)
[2026-07-06 10:40:35] 测速进度: 100/1738 (有效: 25)
[2026-07-06 10:40:37] 测速进度: 110/1738 (有效: 33)
[2026-07-06 10:40:41] 测速进度: 130/1738 (有效: 38)
[2026-07-06 10:40:42] 测速进度: 140/1738 (有效: 38)
[2026-07-06 10:40:43] 测速进度: 150/1738 (有效: 38)
[2026-07-06 10:40:44] 测速进度: 160/1738 (有效: 41)
[2026-07-06 10:40:45] 测速进度: 170/1738 (有效: 41)
[2026-07-06 10:40:51] 测速进度: 180/1738 (有效: 49)
[2026-07-06 10:40:53] 测速进度: 190/1738 (有效: 49)
[2026-07-06 10:40:54] 测速进度: 200/1738 (有效: 49)
[2026-07-06 10:40:56] 测速进度: 210/1738 (有效: 54)
[2026-07-06 10:40:58] 测速进度: 220/1738 (有效: 54)
[2026-07-06 10:41:00] 测速进度: 230/1738 (有效: 60)
[2026-07-06 10:41:08] 测速进度: 250/1738 (有效: 69)
[2026-07-06 10:41:09] 测速进度: 260/1738 (有效: 70)
[2026-07-06 10:41:13] 测速进度: 270/1738 (有效: 72)
[2026-07-06 10:41:15] 测速进度: 280/1738 (有效: 76)
[2026-07-06 10:41:17] 测速进度: 290/1738 (有效: 83)
[2026-07-06 10:41:23] 测速进度: 310/1738 (有效: 87)
[2026-07-06 10:41:25] 测速进度: 320/1738 (有效: 87)
[2026-07-06 10:41:25] 测速进度: 330/1738 (有效: 88)
[2026-07-06 10:41:27] 测速进度: 340/1738 (有效: 88)
[2026-07-06 10:41:30] 测速进度: 350/1738 (有效: 90)
[2026-07-06 10:41:37] 测速进度: 370/1738 (有效: 96)
[2026-07-06 10:41:39] 测速进度: 380/1738 (有效: 96)
[2026-07-06 10:41:39] 测速进度: 390/1738 (有效: 96)
[2026-07-06 10:41:40] 测速进度: 400/1738 (有效: 96)
[2026-07-06 10:41:41] 测速进度: 410/1738 (有效: 96)
[2026-07-06 10:41:51] 测速进度: 420/1738 (有效: 102)
[2026-07-06 10:41:51] 测速进度: 430/1738 (有效: 102)
[2026-07-06 10:41:52] 测速进度: 440/1738 (有效: 103)
[2026-07-06 10:41:53] 测速进度: 450/1738 (有效: 103)
[2026-07-06 10:41:56] 测速进度: 460/1738 (有效: 103)
[2026-07-06 10:41:57] 测速进度: 470/1738 (有效: 103)
[2026-07-06 10:42:06] 测速进度: 490/1738 (有效: 107)
[2026-07-06 10:42:06] 测速进度: 500/1738 (有效: 107)
[2026-07-06 10:42:07] 测速进度: 510/1738 (有效: 107)
[2026-07-06 10:42:11] 测速进度: 520/1738 (有效: 107)
[2026-07-06 10:42:12] 测速进度: 530/1738 (有效: 108)
[2026-07-06 10:42:18] 测速进度: 540/1738 (有效: 113)
[2026-07-06 10:42:20] 测速进度: 550/1738 (有效: 113)
[2026-07-06 10:42:24] 测速进度: 560/1738 (有效: 113)
[2026-07-06 10:42:24] 测速进度: 570/1738 (有效: 113)
[2026-07-06 10:42:25] 测速进度: 580/1738 (有效: 113)
[2026-07-06 10:42:29] 测速进度: 590/1738 (有效: 115)
[2026-07-06 10:42:34] 测速进度: 600/1738 (有效: 116)
[2026-07-06 10:42:34] 测速进度: 610/1738 (有效: 116)
[2026-07-06 10:42:34] 测速进度: 620/1738 (有效: 116)
[2026-07-06 10:42:34] 测速进度: 630/1738 (有效: 116)
[2026-07-06 10:42:34] 测速进度: 640/1738 (有效: 116)
[2026-07-06 10:42:34] 测速进度: 650/1738 (有效: 116)
[2026-07-06 10:42:39] 测速进度: 660/1738 (有效: 117)
[2026-07-06 10:42:39] 测速进度: 670/1738 (有效: 117)
[2026-07-06 10:42:39] 测速进度: 680/1738 (有效: 117)
[2026-07-06 10:42:39] 测速进度: 690/1738 (有效: 117)
[2026-07-06 10:42:39] 测速进度: 700/1738 (有效: 117)
[2026-07-06 10:42:39] 测速进度: 710/1738 (有效: 117)
[2026-07-06 10:42:39] 测速进度: 720/1738 (有效: 117)
[2026-07-06 10:42:39] 测速进度: 730/1738 (有效: 117)
[2026-07-06 10:42:39] 测速进度: 740/1738 (有效: 117)
[2026-07-06 10:42:39] 测速进度: 750/1738 (有效: 117)
[2026-07-06 10:42:39] 测速进度: 760/1738 (有效: 117)
[2026-07-06 10:42:39] 测速进度: 770/1738 (有效: 117)
[2026-07-06 10:42:39] 测速进度: 780/1738 (有效: 117)
[2026-07-06 10:42:39] 测速进度: 790/1738 (有效: 117)
[2026-07-06 10:42:39] 测速进度: 800/1738 (有效: 117)
[2026-07-06 10:42:39] 测速进度: 810/1738 (有效: 117)
[2026-07-06 10:42:39] 测速进度: 820/1738 (有效: 117)
[2026-07-06 10:42:39] 测速进度: 830/1738 (有效: 117)
[2026-07-06 10:42:39] 测速进度: 840/1738 (有效: 117)
[2026-07-06 10:42:39] 测速进度: 850/1738 (有效: 117)
[2026-07-06 10:42:39] 测速进度: 860/1738 (有效: 117)
[2026-07-06 10:42:39] 测速进度: 870/1738 (有效: 117)
[2026-07-06 10:42:39] 测速进度: 880/1738 (有效: 117)
[2026-07-06 10:42:41] 测速进度: 890/1738 (有效: 117)
[2026-07-06 10:42:41] 测速进度: 900/1738 (有效: 117)
[2026-07-06 10:42:43] 测速进度: 910/1738 (有效: 117)
[2026-07-06 10:42:43] 测速进度: 920/1738 (有效: 117)
[2026-07-06 10:42:45] 测速进度: 930/1738 (有效: 117)
[2026-07-06 10:42:45] 测速进度: 940/1738 (有效: 117)
[2026-07-06 10:42:45] 测速进度: 950/1738 (有效: 117)
[2026-07-06 10:42:47] 测速进度: 960/1738 (有效: 117)
[2026-07-06 10:42:47] 测速进度: 970/1738 (有效: 117)
[2026-07-06 10:42:49] 测速进度: 980/1738 (有效: 117)
[2026-07-06 10:42:49] 测速进度: 990/1738 (有效: 117)
[2026-07-06 10:42:49] 测速进度: 1000/1738 (有效: 117)
[2026-07-06 10:42:51] 测速进度: 1010/1738 (有效: 117)
[2026-07-06 10:42:51] 测速进度: 1020/1738 (有效: 117)
[2026-07-06 10:42:53] 测速进度: 1030/1738 (有效: 117)
[2026-07-06 10:42:53] 测速进度: 1040/1738 (有效: 117)
[2026-07-06 10:42:54] 测速进度: 1050/1738 (有效: 117)
[2026-07-06 10:42:55] 测速进度: 1060/1738 (有效: 117)
[2026-07-06 10:42:55] 测速进度: 1070/1738 (有效: 117)
[2026-07-06 10:42:57] 测速进度: 1080/1738 (有效: 117)
[2026-07-06 10:42:59] 测速进度: 1090/1738 (有效: 117)
[2026-07-06 10:42:59] 测速进度: 1100/1738 (有效: 117)
[2026-07-06 10:43:00] 测速进度: 1110/1738 (有效: 117)
[2026-07-06 10:43:01] 测速进度: 1120/1738 (有效: 117)
[2026-07-06 10:43:02] 测速进度: 1130/1738 (有效: 117)
[2026-07-06 10:43:10] 测速进度: 1140/1738 (有效: 119)
[2026-07-06 10:43:12] 测速进度: 1150/1738 (有效: 119)
[2026-07-06 10:43:13] 测速进度: 1160/1738 (有效: 119)
[2026-07-06 10:43:14] 测速进度: 1170/1738 (有效: 120)
[2026-07-06 10:43:15] 测速进度: 1180/1738 (有效: 121)
[2026-07-06 10:43:17] 测速进度: 1190/1738 (有效: 121)
[2026-07-06 10:43:27] 测速进度: 1210/1738 (有效: 130)
[2026-07-06 10:43:27] 测速进度: 1220/1738 (有效: 130)
[2026-07-06 10:43:29] 测速进度: 1230/1738 (有效: 132)
[2026-07-06 10:43:30] 测速进度: 1240/1738 (有效: 133)
[2026-07-06 10:43:32] 测速进度: 1250/1738 (有效: 133)
[2026-07-06 10:43:38] 测速进度: 1260/1738 (有效: 138)
[2026-07-06 10:43:39] 测速进度: 1270/1738 (有效: 138)
[2026-07-06 10:43:40] 测速进度: 1280/1738 (有效: 138)
[2026-07-06 10:43:42] 测速进度: 1290/1738 (有效: 138)
[2026-07-06 10:43:43] 测速进度: 1300/1738 (有效: 138)
[2026-07-06 10:43:44] 测速进度: 1310/1738 (有效: 138)
[2026-07-06 10:43:50] 测速进度: 1320/1738 (有效: 142)
[2026-07-06 10:43:52] 测速进度: 1330/1738 (有效: 142)
[2026-07-06 10:43:52] 测速进度: 1340/1738 (有效: 142)
[2026-07-06 10:43:54] 测速进度: 1350/1738 (有效: 142)
[2026-07-06 10:43:54] 测速进度: 1360/1738 (有效: 142)
[2026-07-06 10:43:56] 测速进度: 1370/1738 (有效: 142)
[2026-07-06 10:44:03] 测速进度: 1380/1738 (有效: 145)
[2026-07-06 10:44:05] 测速进度: 1390/1738 (有效: 145)
[2026-07-06 10:44:05] 测速进度: 1400/1738 (有效: 145)
[2026-07-06 10:44:07] 测速进度: 1410/1738 (有效: 145)
[2026-07-06 10:44:07] 测速进度: 1420/1738 (有效: 145)
[2026-07-06 10:44:16] 测速进度: 1430/1738 (有效: 153)
[2026-07-06 10:44:26] 测速进度: 1450/1738 (有效: 161)
[2026-07-06 10:44:29] 测速进度: 1460/1738 (有效: 171)
[2026-07-06 10:44:41] 测速进度: 1510/1738 (有效: 182)
[2026-07-06 10:44:46] 测速进度: 1520/1738 (有效: 191)
[2026-07-06 10:44:56] 测速进度: 1570/1738 (有效: 201)
[2026-07-06 10:45:03] 测速进度: 1580/1738 (有效: 210)
[2026-07-06 10:45:12] 测速进度: 1630/1738 (有效: 218)
[2026-07-06 10:45:27] 测速进度: 1690/1738 (有效: 233)
[2026-07-06 10:45:33] 测速进度: 1700/1738 (有效: 243)
[2026-07-06 10:45:34] 测速完成: 243/1738 个有效源
[2026-07-06 10:45:34] 选中 Top 5 源:
[2026-07-06 10:45:34]   源1: 139.227.21.22:9901 (txiptv) 2.47MB/s
[2026-07-06 10:45:34]   源2: 183.184.48.204:9003 (jsmpeg) 2.19MB/s
[2026-07-06 10:45:34]   源3: 183.184.49.181:9003 (jsmpeg) 2.18MB/s
[2026-07-06 10:45:34]   源4: 112.123.243.37:50085 (txiptv) 1.96MB/s
[2026-07-06 10:45:34]   源5: 182.140.125.47:808 (zhgxtv) 1.18MB/s
[2026-07-06 10:45:34] 抓取频道: 源1 139.227.21.22:9901 (txiptv)...
[2026-07-06 10:45:36] 抓取频道: 源2 183.184.48.204:9003 (jsmpeg)...
[2026-07-06 10:45:43] 抓取频道: 源3 183.184.49.181:9003 (jsmpeg)...
[2026-07-06 10:45:48] 抓取频道: 源4 112.123.243.37:50085 (txiptv)...
[2026-07-06 10:45:58] 抓取频道: 源5 182.140.125.47:808 (zhgxtv)...
[2026-07-06 10:46:02] 远程源共抓取到 236 条频道记录
[2026-07-06 10:46:02] 📊 数据来源: 远程源
[2026-07-06 10:46:02]    M3U8: 54650 字节, TXT: 15347 字节
[2026-07-06 10:46:02] ✅ M3U8 已保存到 output.m3u8 (54650 字节)
[2026-07-06 10:46:02] ✅ TXT 已保存到 output.txt (15347 字节)
[2026-07-06 10:46:02] 🎉 更新完成!
[2026-07-06 10:54:58] ==================================================
[2026-07-06 10:54:58] IPTV 播放列表自动更新（远程源抓取 + 本地保存）
[2026-07-06 10:54:58] ==================================================
[2026-07-06 10:54:58] 抓取远程源 (第1次)...
[2026-07-06 10:54:58] ✅ 远程源获取成功，共 1738 个源
[2026-07-06 10:54:58] 开始测速 1738 个源...
[2026-07-06 10:55:01] 测速进度: 10/1738 (有效: 0)
[2026-07-06 10:55:03] 测速进度: 20/1738 (有效: 0)
[2026-07-06 10:55:08] 测速进度: 30/1738 (有效: 2)
[2026-07-06 10:55:09] 测速进度: 40/1738 (有效: 6)
[2026-07-06 10:55:11] 测速进度: 50/1738 (有效: 10)
[2026-07-06 10:55:16] 测速进度: 70/1738 (有效: 16)
[2026-07-06 10:55:20] 测速进度: 80/1738 (有效: 19)
[2026-07-06 10:55:21] 测速进度: 90/1738 (有效: 21)
[2026-07-06 10:55:23] 测速进度: 100/1738 (有效: 25)
[2026-07-06 10:55:27] 测速进度: 110/1738 (有效: 32)
[2026-07-06 10:55:29] 测速进度: 130/1738 (有效: 35)
[2026-07-06 10:55:31] 测速进度: 140/1738 (有效: 35)
[2026-07-06 10:55:31] 测速进度: 150/1738 (有效: 35)
[2026-07-06 10:55:33] 测速进度: 160/1738 (有效: 36)
[2026-07-06 10:55:34] 测速进度: 170/1738 (有效: 37)
[2026-07-06 10:55:40] 测速进度: 180/1738 (有效: 46)
[2026-07-06 10:55:42] 测速进度: 190/1738 (有效: 46)
[2026-07-06 10:55:43] 测速进度: 200/1738 (有效: 46)
[2026-07-06 10:55:46] 测速进度: 210/1738 (有效: 51)
[2026-07-06 10:55:48] 测速进度: 220/1738 (有效: 52)
[2026-07-06 10:55:50] 测速进度: 230/1738 (有效: 58)
[2026-07-06 10:55:57] 测速进度: 250/1738 (有效: 66)
[2026-07-06 10:55:59] 测速进度: 260/1738 (有效: 66)
[2026-07-06 10:56:03] 测速进度: 270/1738 (有效: 69)
[2026-07-06 10:56:05] 测速进度: 280/1738 (有效: 74)
[2026-07-06 10:56:07] 测速进度: 290/1738 (有效: 79)
[2026-07-06 10:56:12] 测速进度: 310/1738 (有效: 85)
[2026-07-06 10:56:14] 测速进度: 320/1738 (有效: 85)
[2026-07-06 10:56:15] 测速进度: 330/1738 (有效: 85)
[2026-07-06 10:56:17] 测速进度: 340/1738 (有效: 85)
[2026-07-06 10:56:20] 测速进度: 350/1738 (有效: 88)
[2026-07-06 10:56:27] 测速进度: 370/1738 (有效: 96)
[2026-07-06 10:56:28] 测速进度: 380/1738 (有效: 96)
[2026-07-06 10:56:29] 测速进度: 390/1738 (有效: 96)
[2026-07-06 10:56:30] 测速进度: 400/1738 (有效: 96)
[2026-07-06 10:56:31] 测速进度: 410/1738 (有效: 96)
[2026-07-06 10:56:40] 测速进度: 420/1738 (有效: 102)
[2026-07-06 10:56:41] 测速进度: 430/1738 (有效: 102)
[2026-07-06 10:56:42] 测速进度: 440/1738 (有效: 102)
[2026-07-06 10:56:43] 测速进度: 450/1738 (有效: 103)
[2026-07-06 10:56:46] 测速进度: 460/1738 (有效: 103)
[2026-07-06 10:56:47] 测速进度: 470/1738 (有效: 103)
[2026-07-06 10:56:56] 测速进度: 490/1738 (有效: 108)
[2026-07-06 10:56:56] 测速进度: 500/1738 (有效: 108)
[2026-07-06 10:56:57] 测速进度: 510/1738 (有效: 108)
[2026-07-06 10:57:00] 测速进度: 520/1738 (有效: 108)
[2026-07-06 10:57:01] 测速进度: 530/1738 (有效: 108)
[2026-07-06 10:57:07] 测速进度: 540/1738 (有效: 113)
[2026-07-06 10:57:09] 测速进度: 550/1738 (有效: 113)
[2026-07-06 10:57:12] 测速进度: 560/1738 (有效: 113)
[2026-07-06 10:57:12] 测速进度: 570/1738 (有效: 113)
[2026-07-06 10:57:14] 测速进度: 580/1738 (有效: 113)
[2026-07-06 10:57:17] 测速进度: 590/1738 (有效: 114)
[2026-07-06 10:57:22] 测速进度: 610/1738 (有效: 115)
[2026-07-06 10:57:22] 测速进度: 620/1738 (有效: 115)
[2026-07-06 10:57:22] 测速进度: 630/1738 (有效: 115)
[2026-07-06 10:57:22] 测速进度: 640/1738 (有效: 115)
[2026-07-06 10:57:22] 测速进度: 650/1738 (有效: 115)
[2026-07-06 10:57:27] 测速进度: 660/1738 (有效: 116)
[2026-07-06 10:57:27] 测速进度: 670/1738 (有效: 116)
[2026-07-06 10:57:27] 测速进度: 680/1738 (有效: 116)
[2026-07-06 10:57:27] 测速进度: 690/1738 (有效: 116)
[2026-07-06 10:57:27] 测速进度: 700/1738 (有效: 116)
[2026-07-06 10:57:27] 测速进度: 710/1738 (有效: 116)
[2026-07-06 10:57:27] 测速进度: 720/1738 (有效: 116)
[2026-07-06 10:57:27] 测速进度: 730/1738 (有效: 116)
[2026-07-06 10:57:27] 测速进度: 740/1738 (有效: 116)
[2026-07-06 10:57:27] 测速进度: 750/1738 (有效: 116)
[2026-07-06 10:57:27] 测速进度: 760/1738 (有效: 116)
[2026-07-06 10:57:27] 测速进度: 770/1738 (有效: 116)
[2026-07-06 10:57:27] 测速进度: 780/1738 (有效: 116)
[2026-07-06 10:57:27] 测速进度: 790/1738 (有效: 116)
[2026-07-06 10:57:27] 测速进度: 800/1738 (有效: 116)
[2026-07-06 10:57:27] 测速进度: 810/1738 (有效: 116)
[2026-07-06 10:57:27] 测速进度: 820/1738 (有效: 116)
[2026-07-06 10:57:27] 测速进度: 830/1738 (有效: 116)
[2026-07-06 10:57:27] 测速进度: 840/1738 (有效: 116)
[2026-07-06 10:57:27] 测速进度: 850/1738 (有效: 116)
[2026-07-06 10:57:27] 测速进度: 860/1738 (有效: 116)
[2026-07-06 10:57:27] 测速进度: 870/1738 (有效: 116)
[2026-07-06 10:57:27] 测速进度: 880/1738 (有效: 116)
[2026-07-06 10:57:29] 测速进度: 890/1738 (有效: 116)
[2026-07-06 10:57:29] 测速进度: 900/1738 (有效: 116)
[2026-07-06 10:57:31] 测速进度: 910/1738 (有效: 116)
[2026-07-06 10:57:31] 测速进度: 920/1738 (有效: 116)
[2026-07-06 10:57:33] 测速进度: 930/1738 (有效: 116)
[2026-07-06 10:57:33] 测速进度: 940/1738 (有效: 116)
[2026-07-06 10:57:33] 测速进度: 950/1738 (有效: 116)
[2026-07-06 10:57:35] 测速进度: 960/1738 (有效: 116)
[2026-07-06 10:57:35] 测速进度: 970/1738 (有效: 116)
[2026-07-06 10:57:37] 测速进度: 980/1738 (有效: 116)
[2026-07-06 10:57:37] 测速进度: 990/1738 (有效: 116)
[2026-07-06 10:57:38] 测速进度: 1000/1738 (有效: 116)
[2026-07-06 10:57:39] 测速进度: 1010/1738 (有效: 116)
[2026-07-06 10:57:40] 测速进度: 1020/1738 (有效: 116)
[2026-07-06 10:57:42] 测速进度: 1030/1738 (有效: 116)
[2026-07-06 10:57:42] 测速进度: 1040/1738 (有效: 116)
[2026-07-06 10:57:42] 测速进度: 1050/1738 (有效: 116)
[2026-07-06 10:57:44] 测速进度: 1060/1738 (有效: 116)
[2026-07-06 10:57:44] 测速进度: 1070/1738 (有效: 116)
[2026-07-06 10:57:46] 测速进度: 1080/1738 (有效: 116)
[2026-07-06 10:57:48] 测速进度: 1090/1738 (有效: 116)
[2026-07-06 10:57:48] 测速进度: 1100/1738 (有效: 116)
[2026-07-06 10:57:48] 测速进度: 1110/1738 (有效: 116)
[2026-07-06 10:57:50] 测速进度: 1120/1738 (有效: 116)
[2026-07-06 10:57:50] 测速进度: 1130/1738 (有效: 116)
[2026-07-06 10:58:00] 测速进度: 1140/1738 (有效: 118)
[2026-07-06 10:58:02] 测速进度: 1150/1738 (有效: 118)
[2026-07-06 10:58:03] 测速进度: 1160/1738 (有效: 118)
[2026-07-06 10:58:04] 测速进度: 1170/1738 (有效: 118)
[2026-07-06 10:58:05] 测速进度: 1180/1738 (有效: 119)
[2026-07-06 10:58:07] 测速进度: 1190/1738 (有效: 120)
[2026-07-06 10:58:15] 测速进度: 1200/1738 (有效: 130)
[2026-07-06 10:58:17] 测速进度: 1210/1738 (有效: 130)
[2026-07-06 10:58:17] 测速进度: 1220/1738 (有效: 130)
[2026-07-06 10:58:19] 测速进度: 1230/1738 (有效: 131)
[2026-07-06 10:58:21] 测速进度: 1240/1738 (有效: 132)
[2026-07-06 10:58:23] 测速进度: 1250/1738 (有效: 134)
[2026-07-06 10:58:29] 测速进度: 1260/1738 (有效: 139)
[2026-07-06 10:58:30] 测速进度: 1270/1738 (有效: 139)
[2026-07-06 10:58:30] 测速进度: 1280/1738 (有效: 139)
[2026-07-06 10:58:33] 测速进度: 1290/1738 (有效: 139)
[2026-07-06 10:58:34] 测速进度: 1300/1738 (有效: 139)
[2026-07-06 10:58:35] 测速进度: 1310/1738 (有效: 139)
[2026-07-06 10:58:46] 测速进度: 1330/1738 (有效: 144)
[2026-07-06 10:58:46] 测速进度: 1340/1738 (有效: 144)
[2026-07-06 10:58:48] 测速进度: 1350/1738 (有效: 144)
[2026-07-06 10:58:48] 测速进度: 1360/1738 (有效: 144)
[2026-07-06 10:58:50] 测速进度: 1370/1738 (有效: 144)
[2026-07-06 10:58:57] 测速进度: 1380/1738 (有效: 147)
[2026-07-06 10:58:59] 测速进度: 1390/1738 (有效: 147)
[2026-07-06 10:59:00] 测速进度: 1400/1738 (有效: 147)
[2026-07-06 10:59:01] 测速进度: 1410/1738 (有效: 147)
[2026-07-06 10:59:02] 测速进度: 1420/1738 (有效: 147)
[2026-07-06 10:59:11] 测速进度: 1430/1738 (有效: 155)
[2026-07-06 10:59:22] 测速进度: 1450/1738 (有效: 168)
[2026-07-06 10:59:37] 测速进度: 1510/1738 (有效: 184)
[2026-07-06 10:59:42] 测速进度: 1520/1738 (有效: 193)
[2026-07-06 10:59:52] 测速进度: 1570/1738 (有效: 202)
[2026-07-06 10:59:53] 测速进度: 1580/1738 (有效: 212)
[2026-07-06 11:00:07] 测速进度: 1630/1738 (有效: 218)
[2026-07-06 11:00:09] 测速进度: 1640/1738 (有效: 228)
[2026-07-06 11:00:23] 测速进度: 1690/1738 (有效: 240)
[2026-07-06 11:00:25] 测速进度: 1700/1738 (有效: 250)
[2026-07-06 11:00:28] 测速完成: 250/1738 个有效源
[2026-07-06 11:00:28] 选中 Top 5 源:
[2026-07-06 11:00:28]   源1: 139.227.21.22:9901 (txiptv) 1.39MB/s
[2026-07-06 11:00:28]   源2: 112.27.5.218:9901 (txiptv) 1.39MB/s
[2026-07-06 11:00:28]   源3: 223.78.65.165:9901 (txiptv) 1.39MB/s
[2026-07-06 11:00:28]   源4: 123.175.209.162:9003 (jsmpeg) 1.30MB/s
[2026-07-06 11:00:28]   源5: 182.140.125.47:808 (zhgxtv) 1.14MB/s
[2026-07-06 11:00:28] 抓取频道: 源1 139.227.21.22:9901 (txiptv)...
[2026-07-06 11:00:33] 抓取频道: 源2 112.27.5.218:9901 (txiptv)...
[2026-07-06 11:00:42] 抓取频道: 源3 223.78.65.165:9901 (txiptv)...
[2026-07-06 11:00:50] 抓取频道: 源4 123.175.209.162:9003 (jsmpeg)...
[2026-07-06 11:00:56] 抓取频道: 源5 182.140.125.47:808 (zhgxtv)...
[2026-07-06 11:01:04] 远程源共抓取到 265 条频道记录
[2026-07-06 11:01:04] 📊 数据来源: 远程源
[2026-07-06 11:01:04]    M3U8: 63952 字节, TXT: 20007 字节
[2026-07-06 11:01:04] ✅ M3U8 已保存到 output.m3u8 (63952 字节)
[2026-07-06 11:01:04] ✅ TXT 已保存到 output.txt (20007 字节)
[2026-07-06 11:01:04] 🎉 更新完成!
